<?xml version="1.0" encoding="UTF-8"?>
<testng-results ignored="0" total="1" passed="1" failed="0" skipped="0">
  <reporter-output>
  </reporter-output>
  <suite started-at="2022-03-13T22:21:32 BRT" name="Default suite" finished-at="2022-03-13T22:21:59 BRT" duration-ms="26751">
    <groups>
    </groups>
    <test started-at="2022-03-13T22:21:32 BRT" name="Default test" finished-at="2022-03-13T22:21:59 BRT" duration-ms="26751">
      <class name="com.example.tests.CT05ProcederCheckoutTest">
        <test-method is-config="true" signature="setUp()[pri:0, instance:com.example.tests.CT05ProcederCheckoutTest@69e1dd28]" started-at="2022-03-13T22:21:32 BRT" name="setUp" finished-at="2022-03-13T22:21:34 BRT" duration-ms="1678" status="PASS">
          <reporter-output>
          </reporter-output>
        </test-method> <!-- setUp -->
        <test-method signature="cT04AdicionarCarrinho()[pri:0, instance:com.example.tests.CT05ProcederCheckoutTest@69e1dd28]" started-at="2022-03-13T22:21:34 BRT" name="cT04AdicionarCarrinho" finished-at="2022-03-13T22:21:59 BRT" duration-ms="25037" status="PASS">
          <reporter-output>
          </reporter-output>
        </test-method> <!-- cT04AdicionarCarrinho -->
      </class> <!-- com.example.tests.CT05ProcederCheckoutTest -->
    </test> <!-- Default test -->
  </suite> <!-- Default suite -->
</testng-results>
